<?xml version="1.0" encoding="UTF-8"?>
<!-- Generated by org.testng.reporters.JUnitXMLReporter -->
<testsuite hostname="DESKTOP-0JTJ50A" ignored="2" name="Default test" tests="2" failures="0" timestamp="25 Jan 2018 12:01:29 GMT" time="205.271" errors="0">
  <testcase name="Test_LoginValidation" time="117.942" classname="suites.sanity.Test_Users"/>
  <testcase name="Test_UserProfile" time="86.968" classname="suites.sanity.Test_Users"/>
  <testcase name="Test_VentureCreation" time="0.0" classname="suites.sanity.Test_Users">
    <ignored/>
  </testcase> <!-- Test_VentureCreation -->
  <testcase name="Test_OnboardValidation" time="0.0" classname="suites.sanity.Test_Users">
    <ignored/>
  </testcase> <!-- Test_OnboardValidation -->
</testsuite> <!-- Default test -->
