<?xml version="1.0" encoding="UTF-8"?>
<!-- Generated by org.testng.reporters.JUnitXMLReporter -->
<testsuite hostname="DESKTOP-0JTJ50A" ignored="1" name="Default test" tests="7" failures="0" timestamp="01 Mar 2018 11:27:41 GMT" time="1360.167" errors="0">
  <testcase name="Test_LoginValidation" time="59.458" classname="suites.sanity.Test_Users"/>
  <testcase name="Test_OnboardValidation" time="189.067" classname="suites.sanity.Test_Users"/>
  <testcase name="Test_VentureCreation" time="339.629" classname="suites.sanity.Test_Users"/>
  <testcase name="Test_UserProfile" time="242.34" classname="suites.sanity.Test_Users"/>
  <testcase name="Test_VenturePage" time="214.311" classname="suites.sanity.Test_Users"/>
  <testcase name="Test_NetworkPage" time="182.945" classname="suites.sanity.Test_Users"/>
  <testcase name="Test_SearchPage" time="131.657" classname="suites.sanity.Test_Users"/>
  <testcase name="Test_AdminPortal" time="0.0" classname="suites.sanity.Test_Users">
    <ignored/>
  </testcase> <!-- Test_AdminPortal -->
</testsuite> <!-- Default test -->
